<?xml version="1.0" encoding="UTF-8"?>
<coverage generated="1736523275457" clover="3.2.0">
  <project timestamp="1736523275457" name="All files">
    <metrics statements="23" coveredstatements="22" conditionals="20" coveredconditionals="15" methods="6" coveredmethods="5" elements="49" coveredelements="42" complexity="0" loc="23" ncloc="23" packages="3" files="5" classes="5"/>
    <package name="config">
      <metrics statements="7" coveredstatements="7" conditionals="6" coveredconditionals="6" methods="3" coveredmethods="3"/>
      <file name="base.config.ts" path="/Users/johnidogun/Documents/projects/financial/nodets/src/config/base.config.ts">
        <metrics statements="7" coveredstatements="7" conditionals="6" coveredconditionals="6" methods="3" coveredmethods="3"/>
        <line num="2" count="1" type="stmt"/>
        <line num="3" count="1" type="stmt"/>
        <line num="4" count="1" type="stmt"/>
        <line num="16" count="1" type="stmt"/>
        <line num="18" count="2" type="cond" truecount="2" falsecount="0"/>
        <line num="21" count="2" type="cond" truecount="2" falsecount="0"/>
        <line num="24" count="2" type="cond" truecount="2" falsecount="0"/>
      </file>
    </package>
    <package name="config.internal">
      <metrics statements="13" coveredstatements="12" conditionals="10" coveredconditionals="5" methods="1" coveredmethods="0"/>
      <file name="auth.config.ts" path="/Users/johnidogun/Documents/projects/financial/nodets/src/config/internal/auth.config.ts">
        <metrics statements="3" coveredstatements="3" conditionals="2" coveredconditionals="1" methods="0" coveredmethods="0"/>
        <line num="2" count="1" type="stmt"/>
        <line num="4" count="1" type="stmt"/>
        <line num="6" count="1" type="stmt"/>
      </file>
      <file name="db.config.ts" path="/Users/johnidogun/Documents/projects/financial/nodets/src/config/internal/db.config.ts">
        <metrics statements="3" coveredstatements="3" conditionals="4" coveredconditionals="2" methods="0" coveredmethods="0"/>
        <line num="3" count="1" type="stmt"/>
        <line num="5" count="1" type="stmt"/>
        <line num="7" count="1" type="stmt"/>
      </file>
      <file name="logger.config.ts" path="/Users/johnidogun/Documents/projects/financial/nodets/src/config/internal/logger.config.ts">
        <metrics statements="7" coveredstatements="6" conditionals="4" coveredconditionals="2" methods="1" coveredmethods="0"/>
        <line num="1" count="1" type="stmt"/>
        <line num="4" count="1" type="stmt"/>
        <line num="12" count="1" type="stmt"/>
        <line num="15" count="1" type="stmt"/>
        <line num="19" count="0" type="stmt"/>
        <line num="24" count="1" type="stmt"/>
        <line num="29" count="1" type="stmt"/>
      </file>
    </package>
    <package name="utils">
      <metrics statements="3" coveredstatements="3" conditionals="4" coveredconditionals="4" methods="2" coveredmethods="2"/>
      <file name="file.utils.ts" path="/Users/johnidogun/Documents/projects/financial/nodets/src/utils/file.utils.ts">
        <metrics statements="3" coveredstatements="3" conditionals="4" coveredconditionals="4" methods="2" coveredmethods="2"/>
        <line num="5" count="1" type="stmt"/>
        <line num="6" count="4" type="stmt"/>
        <line num="11" count="4" type="stmt"/>
      </file>
    </package>
  </project>
</coverage>
