{"/Users/johnidogun/Documents/projects/financial/nodets/src/config/base.config.ts": {"path":"/Users/johnidogun/Documents/projects/financial/nodets/src/config/base.config.ts","statementMap":{"0":{"start":{"line":2,"column":0},"end":{"line":2,"column":61}},"1":{"start":{"line":3,"column":0},"end":{"line":3,"column":57}},"2":{"start":{"line":4,"column":0},"end":{"line":4,"column":59}},"3":{"start":{"line":16,"column":13},"end":{"line":29,"column":2}},"4":{"start":{"line":18,"column":4},"end":{"line":18,"column":63}},"5":{"start":{"line":21,"column":4},"end":{"line":21,"column":70}},"6":{"start":{"line":24,"column":4},"end":{"line":24,"column":61}}},"fnMap":{"0":{"name":"(anonymous_0)","decl":{"start":{"line":17,"column":2},"end":{"line":17,"column":6}},"loc":{"start":{"line":17,"column":17},"end":{"line":19,"column":3}}},"1":{"name":"(anonymous_1)","decl":{"start":{"line":20,"column":2},"end":{"line":20,"column":6}},"loc":{"start":{"line":20,"column":25},"end":{"line":22,"column":3}}},"2":{"name":"(anonymous_2)","decl":{"start":{"line":23,"column":2},"end":{"line":23,"column":6}},"loc":{"start":{"line":23,"column":15},"end":{"line":25,"column":3}}}},"branchMap":{"0":{"loc":{"start":{"line":18,"column":11},"end":{"line":18,"column":62}},"type":"binary-expr","locations":[{"start":{"line":18,"column":11},"end":{"line":18,"column":35}},{"start":{"line":18,"column":39},"end":{"line":18,"column":62}}]},"1":{"loc":{"start":{"line":21,"column":11},"end":{"line":21,"column":69}},"type":"binary-expr","locations":[{"start":{"line":21,"column":11},"end":{"line":21,"column":42}},{"start":{"line":21,"column":46},"end":{"line":21,"column":69}}]},"2":{"loc":{"start":{"line":24,"column":11},"end":{"line":24,"column":60}},"type":"binary-expr","locations":[{"start":{"line":24,"column":11},"end":{"line":24,"column":32}},{"start":{"line":24,"column":36},"end":{"line":24,"column":60}}]}},"s":{"0":1,"1":1,"2":1,"3":1,"4":2,"5":2,"6":2},"f":{"0":2,"1":2,"2":2},"b":{"0":[2,1],"1":[2,1],"2":[2,1]}}
,"/Users/johnidogun/Documents/projects/financial/nodets/src/config/internal/auth.config.ts": {"path":"/Users/johnidogun/Documents/projects/financial/nodets/src/config/internal/auth.config.ts","statementMap":{"0":{"start":{"line":2,"column":0},"end":{"line":2,"column":32}},"1":{"start":{"line":4,"column":0},"end":{"line":4,"column":9}},"2":{"start":{"line":6,"column":13},"end":{"line":20,"column":2}}},"fnMap":{},"branchMap":{"0":{"loc":{"start":{"line":18,"column":12},"end":{"line":18,"column":59}},"type":"binary-expr","locations":[{"start":{"line":18,"column":12},"end":{"line":18,"column":38}},{"start":{"line":18,"column":42},"end":{"line":18,"column":59}}]}},"s":{"0":1,"1":1,"2":1},"f":{},"b":{"0":[1,0]}}
,"/Users/johnidogun/Documents/projects/financial/nodets/src/config/internal/db.config.ts": {"path":"/Users/johnidogun/Documents/projects/financial/nodets/src/config/internal/db.config.ts","statementMap":{"0":{"start":{"line":3,"column":0},"end":{"line":3,"column":32}},"1":{"start":{"line":5,"column":0},"end":{"line":5,"column":9}},"2":{"start":{"line":7,"column":13},"end":{"line":10,"column":2}}},"fnMap":{},"branchMap":{"0":{"loc":{"start":{"line":8,"column":7},"end":{"line":8,"column":56}},"type":"binary-expr","locations":[{"start":{"line":8,"column":7},"end":{"line":8,"column":25}},{"start":{"line":8,"column":29},"end":{"line":8,"column":56}}]},"1":{"loc":{"start":{"line":9,"column":10},"end":{"line":9,"column":39}},"type":"binary-expr","locations":[{"start":{"line":9,"column":10},"end":{"line":9,"column":29}},{"start":{"line":9,"column":33},"end":{"line":9,"column":39}}]}},"s":{"0":1,"1":1,"2":1},"f":{},"b":{"0":[1,0],"1":[1,0]}}
,"/Users/johnidogun/Documents/projects/financial/nodets/src/config/internal/logger.config.ts": {"path":"/Users/johnidogun/Documents/projects/financial/nodets/src/config/internal/logger.config.ts","statementMap":{"0":{"start":{"line":1,"column":0},"end":{"line":1,"column":30}},"1":{"start":{"line":4,"column":15},"end":{"line":10,"column":2}},"2":{"start":{"line":12,"column":0},"end":{"line":12,"column":26}},"3":{"start":{"line":15,"column":26},"end":{"line":20,"column":null}},"4":{"start":{"line":19,"column":14},"end":{"line":19,"column":64}},"5":{"start":{"line":24,"column":25},"end":{"line":26,"column":null}},"6":{"start":{"line":29,"column":13},"end":{"line":36,"column":3}}},"fnMap":{"0":{"name":"(anonymous_1)","decl":{"start":{"line":19,"column":4},"end":{"line":19,"column":5}},"loc":{"start":{"line":19,"column":14},"end":{"line":19,"column":64}}}},"branchMap":{"0":{"loc":{"start":{"line":30,"column":9},"end":{"line":30,"column":66}},"type":"cond-expr","locations":[{"start":{"line":30,"column":50},"end":{"line":30,"column":57}},{"start":{"line":30,"column":60},"end":{"line":30,"column":66}}]},"1":{"loc":{"start":{"line":32,"column":4},"end":{"line":34,"column":24}},"type":"cond-expr","locations":[{"start":{"line":33,"column":8},"end":{"line":33,"column":25}},{"start":{"line":34,"column":8},"end":{"line":34,"column":24}}]}},"s":{"0":1,"1":1,"2":1,"3":1,"4":0,"5":1,"6":1},"f":{"0":0},"b":{"0":[0,1],"1":[0,1]}}
,"/Users/johnidogun/Documents/projects/financial/nodets/src/utils/file.utils.ts": {"path":"/Users/johnidogun/Documents/projects/financial/nodets/src/utils/file.utils.ts","statementMap":{"0":{"start":{"line":6,"column":24},"end":{"line":6,"column":55}},"1":{"start":{"line":11,"column":4},"end":{"line":18,"column":6}},"2":{"start":{"line":5,"column":0},"end":{"line":5,"column":22}}},"fnMap":{"0":{"name":"(anonymous_0)","decl":{"start":{"line":6,"column":2},"end":{"line":6,"column":24}},"loc":{"start":{"line":6,"column":55},"end":{"line":6,"column":59}}},"1":{"name":"(anonymous_1)","decl":{"start":{"line":10,"column":12},"end":{"line":10,"column":28}},"loc":{"start":{"line":10,"column":48},"end":{"line":19,"column":3}}}},"branchMap":{"0":{"loc":{"start":{"line":15,"column":15},"end":{"line":15,"column":60}},"type":"cond-expr","locations":[{"start":{"line":15,"column":29},"end":{"line":15,"column":48}},{"start":{"line":15,"column":51},"end":{"line":15,"column":60}}]},"1":{"loc":{"start":{"line":17,"column":12},"end":{"line":17,"column":70}},"type":"cond-expr","locations":[{"start":{"line":17,"column":50},"end":{"line":17,"column":58}},{"start":{"line":17,"column":61},"end":{"line":17,"column":70}}]}},"s":{"0":4,"1":4,"2":1},"f":{"0":4,"1":4},"b":{"0":[1,3],"1":[2,2]}}
}
